Listening for transport dt_socket at address: 5005
[INFO] Scanning for projects...
[INFO]                                                                         
[INFO] ------------------------------------------------------------------------
[INFO] Building GeoNetwork Web module 3.1.0-SNAPSHOT
[INFO] ------------------------------------------------------------------------
[INFO] 
[INFO] >>> jetty-maven-plugin:9.3.9.v20160517:run-exploded (default-cli) @ web-app >>>
[INFO] 
[INFO] --- buildnumber-maven-plugin:1.3:create (default) @ web-app ---
[INFO] Executing: cmd.exe /X /C "git rev-parse --verify HEAD"
[INFO] Working directory: D:\GitHub\se-core-geonetwork\web
[INFO] Storing buildNumber: 7b0c200747d56775237d985e10f5da14532358a4 at timestamp: 04/18/2018 12:32:07 em
[INFO] Storing buildScmBranch: develop
[INFO] 
[INFO] --- build-helper-maven-plugin:1.9.1:add-source (add-source) @ web-app ---
[INFO] Source directory: D:\GitHub\se-core-geonetwork\web\src\main\java added.
[INFO] Source directory: D:\GitHub\se-core-geonetwork\web\src\main\webapp\WEB-INF\classes\setup\sql\migrate added.
[INFO] 
[INFO] --- maven-resources-plugin:2.6:resources (default-resources) @ web-app ---
[INFO] Using 'UTF-8' encoding to copy filtered resources.
[INFO] skip non existing resourceDirectory D:\GitHub\se-core-geonetwork\web\src\main\resources
[INFO] 
[INFO] --- maven-resources-plugin:2.6:copy-resources (copy-filter-webResource) @ web-app ---
[INFO] Using 'UTF-8' encoding to copy filtered resources.
[INFO] Copying 7 resources to D:\GitHub\se-core-geonetwork\web\target/webapp
[INFO] 
[INFO] --- maven-resources-plugin:2.6:copy-resources (copy-schemas) @ web-app ---
[INFO] Using 'UTF-8' encoding to copy filtered resources.
[INFO] Copying 388 resources to D:\GitHub\se-core-geonetwork\web/src/main/webapp/WEB-INF/data/config/schema_plugins
[INFO] Copying 88 resources to D:\GitHub\se-core-geonetwork\web/src/main/webapp/WEB-INF/data/config/schema_plugins
[INFO] Copying 106 resources to D:\GitHub\se-core-geonetwork\web/src/main/webapp/WEB-INF/data/config/schema_plugins
[INFO] Copying 92 resources to D:\GitHub\se-core-geonetwork\web/src/main/webapp/WEB-INF/data/config/schema_plugins
[INFO] Copying 371 resources to D:\GitHub\se-core-geonetwork\web/src/main/webapp/WEB-INF/data/config/schema_plugins
[INFO] Copying 3302 resources to D:\GitHub\se-core-geonetwork\web/target/geonetwork/catalog
[INFO] Copying 67 resources to D:\GitHub\se-core-geonetwork\web/target/geonetwork/catalog
[INFO] Copying 78 resources to D:\GitHub\se-core-geonetwork\web/target/geonetwork/xslt
[INFO] skip non existing resourceDirectory D:\GitHub\se-core-geonetwork\web\..\docs\manuals\target\doc
[INFO] 
[INFO] --- jrebel-maven-plugin:1.1.5:generate (generate-rebel-xml) @ web-app ---
[INFO] Processing org.geonetwork-opensource:web-app with packaging war
[INFO] 
[INFO] --- maven-compiler-plugin:2.5.1:compile (default-compile) @ web-app ---
[INFO] Compiling 2 source files to D:\GitHub\se-core-geonetwork\web\target\classes
[INFO] 
[INFO] --- maven-resources-plugin:2.6:testResources (default-testResources) @ web-app ---
[INFO] Using 'UTF-8' encoding to copy filtered resources.
[INFO] Copying 8 resources
[INFO] 
[INFO] --- maven-compiler-plugin:2.5.1:testCompile (default-testCompile) @ web-app ---
[INFO] Nothing to compile - all classes are up to date
[INFO] 
[INFO] --- maven-surefire-plugin:2.18.1:test (default-test) @ web-app ---
[INFO] Tests are skipped.
[INFO] 
[INFO] --- maven-war-plugin:2.3:war (default-war) @ web-app ---
[INFO] Packaging webapp
[INFO] Assembling webapp [web-app] in [D:\GitHub\se-core-geonetwork\web\target\geonetwork]
[INFO] Processing war project
[INFO] Copying webapp webResources [D:\GitHub\se-core-geonetwork\web/../schemas] to [D:\GitHub\se-core-geonetwork\web\target\geonetwork]
[INFO] Copying webapp webResources [D:\GitHub\se-core-geonetwork\web/../web-ui/src/main/resources] to [D:\GitHub\se-core-geonetwork\web\target\geonetwork]
[INFO] Copying webapp webResources [D:\GitHub\se-core-geonetwork\web/../se-web-ui/src/main/resources] to [D:\GitHub\se-core-geonetwork\web\target\geonetwork]
[INFO] Copying webapp webResources [D:\GitHub\se-core-geonetwork\web\target/webapp] to [D:\GitHub\se-core-geonetwork\web\target\geonetwork]
[INFO] Copying webapp resources [D:\GitHub\se-core-geonetwork\web\src\main\webapp]
[INFO] Building jar: D:\GitHub\se-core-geonetwork\web\target\geonetwork\WEB-INF\lib\web-app-3.1.0-SNAPSHOT.jar
[INFO] Webapp assembled in [7251 msecs]
[INFO] Building war: D:\GitHub\se-core-geonetwork\web\target\geonetwork.war
[INFO] 
[INFO] <<< jetty-maven-plugin:9.3.9.v20160517:run-exploded (default-cli) @ web-app <<<
[INFO] 
[INFO] --- jetty-maven-plugin:9.3.9.v20160517:run-exploded (default-cli) @ web-app ---
[INFO] Configuring Jetty for project: GeoNetwork Web module
[INFO] Applying context xml file D:\GitHub\se-core-geonetwork\web/jetty-context.xml
[INFO] Context path = /geonetwork
[INFO] Tmp directory = D:\GitHub\se-core-geonetwork\web\target\tmp
[INFO] Web defaults = org/eclipse/jetty/webapp/webdefault.xml
[INFO] Web overrides =  none
2018-04-18 12:32:31,549 WARN  [jeeves.config.springutil.JeevesApplicationContext] - Exception encountered during context initialization - cancelling refresh attempt: org.springframework.beans.factory.BeanCreationException: Error creating bean with name 'org.apache.activemq.xbean.XBeanBrokerService#0': Invocation of init method failed; nested exception is java.io.IOException: Failed to bind to server socket: tcp://localhost:61616 due to: java.net.BindException: Address already in use: JVM_Bind
2018-04-18 12:32:31,603 FATAL [jeeves.engine] - Raised exception during init
2018-04-18 12:32:31,603 FATAL [jeeves.engine] -    Exception : org.springframework.beans.factory.BeanCreationException: Error creating bean with name 'org.apache.activemq.xbean.XBeanBrokerService#0': Invocation of init method failed; nested exception is java.io.IOException: Failed to bind to server socket: tcp://localhost:61616 due to: java.net.BindException: Address already in use: JVM_Bind
2018-04-18 12:32:31,603 FATAL [jeeves.engine] -    Message   : Error creating bean with name 'org.apache.activemq.xbean.XBeanBrokerService#0': Invocation of init method failed; nested exception is java.io.IOException: Failed to bind to server socket: tcp://localhost:61616 due to: java.net.BindException: Address already in use: JVM_Bind
2018-04-18 12:32:31,604 FATAL [jeeves.engine] -    Stack     : org.springframework.beans.factory.BeanCreationException: Error creating bean with name 'org.apache.activemq.xbean.XBeanBrokerService#0': Invocation of init method failed; nested exception is java.io.IOException: Failed to bind to server socket: tcp://localhost:61616 due to: java.net.BindException: Address already in use: JVM_Bind
	at org.springframework.beans.factory.annotation.InitDestroyAnnotationBeanPostProcessor.postProcessBeforeInitialization(InitDestroyAnnotationBeanPostProcessor.java:136)
	at org.springframework.beans.factory.support.AbstractAutowireCapableBeanFactory.applyBeanPostProcessorsBeforeInitialization(AbstractAutowireCapableBeanFactory.java:408)
	at org.springframework.beans.factory.support.AbstractAutowireCapableBeanFactory.initializeBean(AbstractAutowireCapableBeanFactory.java:1570)
	at org.springframework.beans.factory.support.AbstractAutowireCapableBeanFactory.doCreateBean(AbstractAutowireCapableBeanFactory.java:545)
	at org.springframework.beans.factory.support.AbstractAutowireCapableBeanFactory.createBean(AbstractAutowireCapableBeanFactory.java:482)
	at org.springframework.beans.factory.support.AbstractBeanFactory$1.getObject(AbstractBeanFactory.java:306)
	at org.springframework.beans.factory.support.DefaultSingletonBeanRegistry.getSingleton(DefaultSingletonBeanRegistry.java:230)
	at org.springframework.beans.factory.support.AbstractBeanFactory.doGetBean(AbstractBeanFactory.java:302)
	at org.springframework.beans.factory.support.AbstractBeanFactory.getBean(AbstractBeanFactory.java:197)
	at org.springframework.beans.factory.support.DefaultListableBeanFactory.preInstantiateSingletons(DefaultListableBeanFactory.java:772)
	at org.springframework.context.support.AbstractApplicationContext.finishBeanFactoryInitialization(AbstractApplicationContext.java:839)
	at org.springframework.context.support.AbstractApplicationContext.refresh(AbstractApplicationContext.java:538)
	at jeeves.config.springutil.JeevesContextLoaderListener.contextInitialized(JeevesContextLoaderListener.java:97)
	at org.eclipse.jetty.server.handler.ContextHandler.callContextInitialized(ContextHandler.java:837)
	at org.eclipse.jetty.servlet.ServletContextHandler.callContextInitialized(ServletContextHandler.java:533)
	at org.eclipse.jetty.server.handler.ContextHandler.startContext(ContextHandler.java:810)
	at org.eclipse.jetty.servlet.ServletContextHandler.startContext(ServletContextHandler.java:345)
	at org.eclipse.jetty.webapp.WebAppContext.startWebapp(WebAppContext.java:1404)
	at org.eclipse.jetty.maven.plugin.JettyWebAppContext.startWebapp(JettyWebAppContext.java:323)
	at org.eclipse.jetty.webapp.WebAppContext.startContext(WebAppContext.java:1366)
	at org.eclipse.jetty.server.handler.ContextHandler.doStart(ContextHandler.java:772)
	at org.eclipse.jetty.servlet.ServletContextHandler.doStart(ServletContextHandler.java:262)
	at org.eclipse.jetty.webapp.WebAppContext.doStart(WebAppContext.java:520)
	at org.eclipse.jetty.maven.plugin.JettyWebAppContext.doStart(JettyWebAppContext.java:398)
	at org.eclipse.jetty.util.component.AbstractLifeCycle.start(AbstractLifeCycle.java:68)
	at org.eclipse.jetty.util.component.ContainerLifeCycle.start(ContainerLifeCycle.java:132)
	at org.eclipse.jetty.util.component.ContainerLifeCycle.doStart(ContainerLifeCycle.java:114)
	at org.eclipse.jetty.server.handler.AbstractHandler.doStart(AbstractHandler.java:61)
	at org.eclipse.jetty.server.handler.ContextHandlerCollection.doStart(ContextHandlerCollection.java:161)
	at org.eclipse.jetty.util.component.AbstractLifeCycle.start(AbstractLifeCycle.java:68)
	at org.eclipse.jetty.util.component.ContainerLifeCycle.start(ContainerLifeCycle.java:132)
	at org.eclipse.jetty.util.component.ContainerLifeCycle.doStart(ContainerLifeCycle.java:114)
	at org.eclipse.jetty.server.handler.AbstractHandler.doStart(AbstractHandler.java:61)
	at org.eclipse.jetty.util.component.AbstractLifeCycle.start(AbstractLifeCycle.java:68)
	at org.eclipse.jetty.util.component.ContainerLifeCycle.start(ContainerLifeCycle.java:132)
	at org.eclipse.jetty.server.Server.start(Server.java:411)
	at org.eclipse.jetty.util.component.ContainerLifeCycle.doStart(ContainerLifeCycle.java:106)
	at org.eclipse.jetty.server.handler.AbstractHandler.doStart(AbstractHandler.java:61)
	at org.eclipse.jetty.server.Server.doStart(Server.java:378)
	at org.eclipse.jetty.util.component.AbstractLifeCycle.start(AbstractLifeCycle.java:68)
	at org.eclipse.jetty.maven.plugin.AbstractJettyMojo.startJetty(AbstractJettyMojo.java:460)
	at org.eclipse.jetty.maven.plugin.AbstractJettyMojo.execute(AbstractJettyMojo.java:328)
	at org.eclipse.jetty.maven.plugin.JettyRunWarExplodedMojo.execute(JettyRunWarExplodedMojo.java:69)
	at org.apache.maven.plugin.DefaultBuildPluginManager.executeMojo(DefaultBuildPluginManager.java:106)
	at org.apache.maven.lifecycle.internal.MojoExecutor.execute(MojoExecutor.java:208)
	at org.apache.maven.lifecycle.internal.MojoExecutor.execute(MojoExecutor.java:153)
	at org.apache.maven.lifecycle.internal.MojoExecutor.execute(MojoExecutor.java:145)
	at org.apache.maven.lifecycle.internal.LifecycleModuleBuilder.buildProject(LifecycleModuleBuilder.java:84)
	at org.apache.maven.lifecycle.internal.LifecycleModuleBuilder.buildProject(LifecycleModuleBuilder.java:59)
	at org.apache.maven.lifecycle.internal.LifecycleStarter.singleThreadedBuild(LifecycleStarter.java:183)
	at org.apache.maven.lifecycle.internal.LifecycleStarter.execute(LifecycleStarter.java:161)
	at org.apache.maven.DefaultMaven.doExecute(DefaultMaven.java:317)
	at org.apache.maven.DefaultMaven.execute(DefaultMaven.java:152)
	at org.apache.maven.cli.MavenCli.execute(MavenCli.java:555)
	at org.apache.maven.cli.MavenCli.doMain(MavenCli.java:214)
	at org.apache.maven.cli.MavenCli.main(MavenCli.java:158)
	at sun.reflect.NativeMethodAccessorImpl.invoke0(Native Method)
	at sun.reflect.NativeMethodAccessorImpl.invoke(NativeMethodAccessorImpl.java:62)
	at sun.reflect.DelegatingMethodAccessorImpl.invoke(DelegatingMethodAccessorImpl.java:43)
	at java.lang.reflect.Method.invoke(Method.java:498)
	at org.codehaus.plexus.classworlds.launcher.Launcher.launchEnhanced(Launcher.java:289)
	at org.codehaus.plexus.classworlds.launcher.Launcher.launch(Launcher.java:229)
	at org.codehaus.plexus.classworlds.launcher.Launcher.mainWithExitCode(Launcher.java:415)
	at org.codehaus.plexus.classworlds.launcher.Launcher.main(Launcher.java:356)
Caused by: java.io.IOException: Failed to bind to server socket: tcp://localhost:61616 due to: java.net.BindException: Address already in use: JVM_Bind
	at org.apache.activemq.util.IOExceptionSupport.create(IOExceptionSupport.java:33)
	at org.apache.activemq.transport.tcp.TcpTransportServer.bind(TcpTransportServer.java:138)
	at org.apache.activemq.transport.tcp.TcpTransportFactory.doBind(TcpTransportFactory.java:60)
	at org.apache.activemq.transport.TransportFactory.bind(TransportFactory.java:131)
	at org.apache.activemq.broker.TransportConnector.createTransportServer(TransportConnector.java:329)
	at org.apache.activemq.broker.TransportConnector.getServer(TransportConnector.java:155)
	at org.apache.activemq.broker.TransportConnector.start(TransportConnector.java:220)
	at org.apache.activemq.broker.BrokerService.startTransportConnector(BrokerService.java:2330)
	at org.apache.activemq.broker.BrokerService.startAllConnectors(BrokerService.java:2243)
	at org.apache.activemq.broker.BrokerService.start(BrokerService.java:551)
	at org.apache.activemq.broker.BrokerService.autoStart(BrokerService.java:494)
	at sun.reflect.NativeMethodAccessorImpl.invoke0(Native Method)
	at sun.reflect.NativeMethodAccessorImpl.invoke(NativeMethodAccessorImpl.java:62)
	at sun.reflect.DelegatingMethodAccessorImpl.invoke(DelegatingMethodAccessorImpl.java:43)
	at java.lang.reflect.Method.invoke(Method.java:498)
	at org.springframework.beans.factory.annotation.InitDestroyAnnotationBeanPostProcessor$LifecycleElement.invoke(InitDestroyAnnotationBeanPostProcessor.java:354)
	at org.springframework.beans.factory.annotation.InitDestroyAnnotationBeanPostProcessor$LifecycleMetadata.invokeInitMethods(InitDestroyAnnotationBeanPostProcessor.java:305)
	at org.springframework.beans.factory.annotation.InitDestroyAnnotationBeanPostProcessor.postProcessBeforeInitialization(InitDestroyAnnotationBeanPostProcessor.java:133)
	... 63 more
Caused by: java.net.BindException: Address already in use: JVM_Bind
	at java.net.DualStackPlainSocketImpl.bind0(Native Method)
	at java.net.DualStackPlainSocketImpl.socketBind(DualStackPlainSocketImpl.java:106)
	at java.net.AbstractPlainSocketImpl.bind(AbstractPlainSocketImpl.java:387)
	at java.net.PlainSocketImpl.bind(PlainSocketImpl.java:190)
	at java.net.ServerSocket.bind(ServerSocket.java:375)
	at java.net.ServerSocket.<init>(ServerSocket.java:237)
	at javax.net.DefaultServerSocketFactory.createServerSocket(ServerSocketFactory.java:231)
	at org.apache.activemq.transport.tcp.TcpTransportServer.bind(TcpTransportServer.java:134)
	... 79 more

[INFO] Started Jetty Server
